# This is the CMakeCache file.
# For build in directory: /home/runner/work/python-plugins/python-plugins/build/cp312-cp312-linux_x86_64/Release
# It was generated by CMake: /home/runner/miniconda3/envs/test/bin/cmake
# You can edit this file to change values found and used by cmake.
# If you do not want to change any of the values, simply exit the editor.
# If you do want to change a value, simply edit, save, and exit the editor.
# The syntax for the file is as follows:
# KEY:TYPE=VALUE
# KEY is the name of a variable in the cache.
# TYPE is a hint to GUIs for the type of VALUE, DO NOT EDIT TYPE!.
# VALUE is the current value for the KEY.

########################
# EXTERNAL cache entries
########################

//Path to a program.
CMAKE_ADDR2LINE:FILEPATH=/home/runner/miniconda3/envs/test/bin/x86_64-conda-linux-gnu-addr2line

//Path to a program.
CMAKE_AR:FILEPATH=/home/runner/miniconda3/envs/test/bin/x86_64-conda-linux-gnu-ar

//No help, variable specified on the command line.
CMAKE_BUILD_TYPE:STRING=Release

//No help, variable specified on the command line.
CMAKE_BUILD_WITH_INSTALL_RPATH:UNINITIALIZED=ON

//CXX compiler
CMAKE_CXX_COMPILER:FILEPATH=/home/runner/miniconda3/envs/test/bin/x86_64-conda-linux-gnu-c++

//A wrapper around 'ar' adding the appropriate '--plugin' option
// for the GCC compiler
CMAKE_CXX_COMPILER_AR:FILEPATH=/home/runner/miniconda3/envs/test/bin/x86_64-conda-linux-gnu-gcc-ar

//A wrapper around 'ranlib' adding the appropriate '--plugin' option
// for the GCC compiler
CMAKE_CXX_COMPILER_RANLIB:FILEPATH=/home/runner/miniconda3/envs/test/bin/x86_64-conda-linux-gnu-gcc-ranlib

//Flags used by the CXX compiler during all build types.
CMAKE_CXX_FLAGS:STRING=-fvisibility-inlines-hidden -fmessage-length=0 -march=nocona -mtune=haswell -ftree-vectorize -fPIC -fstack-protector-strong -fno-plt -O2 -ffunction-sections -pipe -isystem /home/runner/miniconda3/envs/test/include

//Flags used by the CXX compiler during DEBUG builds.
CMAKE_CXX_FLAGS_DEBUG:STRING=-g

//Flags used by the CXX compiler during MINSIZEREL builds.
CMAKE_CXX_FLAGS_MINSIZEREL:STRING=-Os -DNDEBUG

//Flags used by the CXX compiler during RELEASE builds.
CMAKE_CXX_FLAGS_RELEASE:STRING=-O3 -DNDEBUG

//Flags used by the CXX compiler during RELWITHDEBINFO builds.
CMAKE_CXX_FLAGS_RELWITHDEBINFO:STRING=-O2 -g -DNDEBUG

//C compiler
CMAKE_C_COMPILER:FILEPATH=/home/runner/miniconda3/envs/test/bin/x86_64-conda-linux-gnu-cc

//A wrapper around 'ar' adding the appropriate '--plugin' option
// for the GCC compiler
CMAKE_C_COMPILER_AR:FILEPATH=/home/runner/miniconda3/envs/test/bin/x86_64-conda-linux-gnu-gcc-ar

//A wrapper around 'ranlib' adding the appropriate '--plugin' option
// for the GCC compiler
CMAKE_C_COMPILER_RANLIB:FILEPATH=/home/runner/miniconda3/envs/test/bin/x86_64-conda-linux-gnu-gcc-ranlib

//Flags used by the C compiler during all build types.
CMAKE_C_FLAGS:STRING=-march=nocona -mtune=haswell -ftree-vectorize -fPIC -fstack-protector-strong -fno-plt -O2 -ffunction-sections -pipe -isystem /home/runner/miniconda3/envs/test/include

//Flags used by the C compiler during DEBUG builds.
CMAKE_C_FLAGS_DEBUG:STRING=-g

//Flags used by the C compiler during MINSIZEREL builds.
CMAKE_C_FLAGS_MINSIZEREL:STRING=-Os -DNDEBUG

//Flags used by the C compiler during RELEASE builds.
CMAKE_C_FLAGS_RELEASE:STRING=-O3 -DNDEBUG

//Flags used by the C compiler during RELWITHDEBINFO builds.
CMAKE_C_FLAGS_RELWITHDEBINFO:STRING=-O2 -g -DNDEBUG

//Path to a program.
CMAKE_DLLTOOL:FILEPATH=CMAKE_DLLTOOL-NOTFOUND

//Flags used by the linker during all build types.
CMAKE_EXE_LINKER_FLAGS:STRING=-Wl,-O2 -Wl,--sort-common -Wl,--as-needed -Wl,-z,relro -Wl,-z,now -Wl,--disable-new-dtags -Wl,--gc-sections -Wl,--allow-shlib-undefined -Wl,-rpath,/home/runner/miniconda3/envs/test/lib -Wl,-rpath-link,/home/runner/miniconda3/envs/test/lib -L/home/runner/miniconda3/envs/test/lib

//Flags used by the linker during DEBUG builds.
CMAKE_EXE_LINKER_FLAGS_DEBUG:STRING=

//Flags used by the linker during MINSIZEREL builds.
CMAKE_EXE_LINKER_FLAGS_MINSIZEREL:STRING=

//Flags used by the linker during RELEASE builds.
CMAKE_EXE_LINKER_FLAGS_RELEASE:STRING=

//Flags used by the linker during RELWITHDEBINFO builds.
CMAKE_EXE_LINKER_FLAGS_RELWITHDEBINFO:STRING=

//Enable/Disable output of compile commands during generation.
CMAKE_EXPORT_COMPILE_COMMANDS:BOOL=

//Value Computed by CMake.
CMAKE_FIND_PACKAGE_REDIRECTS_DIR:STATIC=/home/runner/work/python-plugins/python-plugins/build/cp312-cp312-linux_x86_64/Release/CMakeFiles/pkgRedirects

CMAKE_FIND_ROOT_PATH_MODE_PACKAGE:PATH=BOTH

//Install path prefix, prepended onto install directories.
CMAKE_INSTALL_PREFIX:PATH=/tmp/tmp5v0c06qh/wheel/platlib

//Path to a program.
CMAKE_LINKER:FILEPATH=/home/runner/miniconda3/envs/test/bin/x86_64-conda-linux-gnu-ld

//No help, variable specified on the command line.
CMAKE_MAKE_PROGRAM:UNINITIALIZED=/home/runner/miniconda3/envs/test/bin/ninja

//Flags used by the linker during the creation of modules during
// all build types.
CMAKE_MODULE_LINKER_FLAGS:STRING=-Wl,-O2 -Wl,--sort-common -Wl,--as-needed -Wl,-z,relro -Wl,-z,now -Wl,--disable-new-dtags -Wl,--gc-sections -Wl,--allow-shlib-undefined -Wl,-rpath,/home/runner/miniconda3/envs/test/lib -Wl,-rpath-link,/home/runner/miniconda3/envs/test/lib -L/home/runner/miniconda3/envs/test/lib

//Flags used by the linker during the creation of modules during
// DEBUG builds.
CMAKE_MODULE_LINKER_FLAGS_DEBUG:STRING=

//Flags used by the linker during the creation of modules during
// MINSIZEREL builds.
CMAKE_MODULE_LINKER_FLAGS_MINSIZEREL:STRING=

//Flags used by the linker during the creation of modules during
// RELEASE builds.
CMAKE_MODULE_LINKER_FLAGS_RELEASE:STRING=

//Flags used by the linker during the creation of modules during
// RELWITHDEBINFO builds.
CMAKE_MODULE_LINKER_FLAGS_RELWITHDEBINFO:STRING=

//Path to a program.
CMAKE_NM:FILEPATH=/home/runner/miniconda3/envs/test/bin/x86_64-conda-linux-gnu-nm

//Path to a program.
CMAKE_OBJCOPY:FILEPATH=/home/runner/miniconda3/envs/test/bin/x86_64-conda-linux-gnu-objcopy

//Path to a program.
CMAKE_OBJDUMP:FILEPATH=/home/runner/miniconda3/envs/test/bin/x86_64-conda-linux-gnu-objdump

CMAKE_PREFIX_PATH:PATH=/tmp/build-env-nqkcpyjx/lib/python3.12/site-packages

//Value Computed by CMake
CMAKE_PROJECT_DESCRIPTION:STATIC=PDAL Python Plugins

//Value Computed by CMake
CMAKE_PROJECT_HOMEPAGE_URL:STATIC=https://github.com/PDAL/python-plugins

//Value Computed by CMake
CMAKE_PROJECT_NAME:STATIC=pdal-python-plugins

//Value Computed by CMake
CMAKE_PROJECT_VERSION:STATIC=1.6.2

//Value Computed by CMake
CMAKE_PROJECT_VERSION_MAJOR:STATIC=1

//Value Computed by CMake
CMAKE_PROJECT_VERSION_MINOR:STATIC=6

//Value Computed by CMake
CMAKE_PROJECT_VERSION_PATCH:STATIC=2

//Value Computed by CMake
CMAKE_PROJECT_VERSION_TWEAK:STATIC=

//Path to a program.
CMAKE_RANLIB:FILEPATH=/home/runner/miniconda3/envs/test/bin/x86_64-conda-linux-gnu-ranlib

//Path to a program.
CMAKE_READELF:FILEPATH=/home/runner/miniconda3/envs/test/bin/x86_64-conda-linux-gnu-readelf

//Flags used by the linker during the creation of shared libraries
// during all build types.
CMAKE_SHARED_LINKER_FLAGS:STRING=-Wl,-O2 -Wl,--sort-common -Wl,--as-needed -Wl,-z,relro -Wl,-z,now -Wl,--disable-new-dtags -Wl,--gc-sections -Wl,--allow-shlib-undefined -Wl,-rpath,/home/runner/miniconda3/envs/test/lib -Wl,-rpath-link,/home/runner/miniconda3/envs/test/lib -L/home/runner/miniconda3/envs/test/lib

//Flags used by the linker during the creation of shared libraries
// during DEBUG builds.
CMAKE_SHARED_LINKER_FLAGS_DEBUG:STRING=

//Flags used by the linker during the creation of shared libraries
// during MINSIZEREL builds.
CMAKE_SHARED_LINKER_FLAGS_MINSIZEREL:STRING=

//Flags used by the linker during the creation of shared libraries
// during RELEASE builds.
CMAKE_SHARED_LINKER_FLAGS_RELEASE:STRING=

//Flags used by the linker during the creation of shared libraries
// during RELWITHDEBINFO builds.
CMAKE_SHARED_LINKER_FLAGS_RELWITHDEBINFO:STRING=

//If set, runtime paths are not added when installing shared libraries,
// but are added when building.
CMAKE_SKIP_INSTALL_RPATH:BOOL=NO

//If set, runtime paths are not added when using shared libraries.
CMAKE_SKIP_RPATH:BOOL=NO

//Flags used by the linker during the creation of static libraries
// during all build types.
CMAKE_STATIC_LINKER_FLAGS:STRING=

//Flags used by the linker during the creation of static libraries
// during DEBUG builds.
CMAKE_STATIC_LINKER_FLAGS_DEBUG:STRING=

//Flags used by the linker during the creation of static libraries
// during MINSIZEREL builds.
CMAKE_STATIC_LINKER_FLAGS_MINSIZEREL:STRING=

//Flags used by the linker during the creation of static libraries
// during RELEASE builds.
CMAKE_STATIC_LINKER_FLAGS_RELEASE:STRING=

//Flags used by the linker during the creation of static libraries
// during RELWITHDEBINFO builds.
CMAKE_STATIC_LINKER_FLAGS_RELWITHDEBINFO:STRING=

//Path to a program.
CMAKE_STRIP:FILEPATH=/home/runner/miniconda3/envs/test/bin/x86_64-conda-linux-gnu-strip

//Path to a program.
CMAKE_TAPI:FILEPATH=CMAKE_TAPI-NOTFOUND

//If this value is on, makefiles will be generated without the
// .SILENT directive, and all commands will be echoed to the console
// during the make.  This is useful for debugging only. With Visual
// Studio IDE projects all commands are done without /nologo.
CMAKE_VERBOSE_MAKEFILE:BOOL=FALSE

//The directory containing a CMake configuration file for PDAL.
PDAL_DIR:PATH=/home/runner/miniconda3/envs/test/lib/cmake/PDAL

PYTHON_EXECUTABLE:STRING=/tmp/build-env-nqkcpyjx/bin/python

PYTHON_INCLUDE_DIR:PATH=/home/runner/miniconda3/envs/test/include/python3.12

Python3_EXECUTABLE:STRING=/tmp/build-env-nqkcpyjx/bin/python

Python3_FIND_REGISTRY:STRING=NEVER

Python3_INCLUDE_DIR:PATH=/home/runner/miniconda3/envs/test/include/python3.12

Python3_NumPy_INCLUDE_DIR:PATH=/tmp/build-env-nqkcpyjx/lib/python3.12/site-packages/numpy/_core/include

Python3_ROOT_DIR:STRING=/tmp/build-env-nqkcpyjx

Python_EXECUTABLE:STRING=/tmp/build-env-nqkcpyjx/bin/python

Python_FIND_REGISTRY:STRING=NEVER

Python_INCLUDE_DIR:PATH=/home/runner/miniconda3/envs/test/include/python3.12

Python_NumPy_INCLUDE_DIR:PATH=/tmp/build-env-nqkcpyjx/lib/python3.12/site-packages/numpy/_core/include

Python_ROOT_DIR:STRING=/tmp/build-env-nqkcpyjx

SKBUILD:STRING=2

SKBUILD_CORE_VERSION:STRING=0.10.7

SKBUILD_DATA_DIR:PATH=/tmp/tmp5v0c06qh/wheel/data

SKBUILD_HEADERS_DIR:PATH=/tmp/tmp5v0c06qh/wheel/headers

SKBUILD_METADATA_DIR:PATH=/tmp/tmp5v0c06qh/wheel/metadata

SKBUILD_NULL_DIR:PATH=/tmp/tmp5v0c06qh/wheel/null

SKBUILD_PLATLIB_DIR:PATH=/tmp/tmp5v0c06qh/wheel/platlib

SKBUILD_PROJECT_NAME:STRING=pdal_plugins

SKBUILD_PROJECT_VERSION:STRING=1.6.2

SKBUILD_PROJECT_VERSION_FULL:STRING=1.6.2

SKBUILD_SABI_COMPONENT:STRING=

SKBUILD_SCRIPTS_DIR:PATH=/tmp/tmp5v0c06qh/wheel/scripts

SKBUILD_SOABI:STRING=cpython-312-x86_64-linux-gnu

SKBUILD_STATE:STRING=sdist

//Enable tests
WITH_TESTS:BOOL=OFF

//Value Computed by CMake
pdal-python-plugins_BINARY_DIR:STATIC=/home/runner/work/python-plugins/python-plugins/build/cp312-cp312-linux_x86_64/Release

//Value Computed by CMake
pdal-python-plugins_IS_TOP_LEVEL:STATIC=ON

//Value Computed by CMake
pdal-python-plugins_SOURCE_DIR:STATIC=/home/runner/work/python-plugins/python-plugins


########################
# INTERNAL cache entries
########################

//ADVANCED property for variable: CMAKE_ADDR2LINE
CMAKE_ADDR2LINE-ADVANCED:INTERNAL=1
//ADVANCED property for variable: CMAKE_AR
CMAKE_AR-ADVANCED:INTERNAL=1
//This is the directory where this CMakeCache.txt was created
CMAKE_CACHEFILE_DIR:INTERNAL=/home/runner/work/python-plugins/python-plugins/build/cp312-cp312-linux_x86_64/Release
//Major version of cmake used to create the current loaded cache
CMAKE_CACHE_MAJOR_VERSION:INTERNAL=3
//Minor version of cmake used to create the current loaded cache
CMAKE_CACHE_MINOR_VERSION:INTERNAL=30
//Patch version of cmake used to create the current loaded cache
CMAKE_CACHE_PATCH_VERSION:INTERNAL=3
//Path to CMake executable.
CMAKE_COMMAND:INTERNAL=/home/runner/miniconda3/envs/test/bin/cmake
//Path to cpack program executable.
CMAKE_CPACK_COMMAND:INTERNAL=/home/runner/miniconda3/envs/test/bin/cpack
//Path to ctest program executable.
CMAKE_CTEST_COMMAND:INTERNAL=/home/runner/miniconda3/envs/test/bin/ctest
//ADVANCED property for variable: CMAKE_CXX_COMPILER
CMAKE_CXX_COMPILER-ADVANCED:INTERNAL=1
//ADVANCED property for variable: CMAKE_CXX_COMPILER_AR
CMAKE_CXX_COMPILER_AR-ADVANCED:INTERNAL=1
//ADVANCED property for variable: CMAKE_CXX_COMPILER_RANLIB
CMAKE_CXX_COMPILER_RANLIB-ADVANCED:INTERNAL=1
//ADVANCED property for variable: CMAKE_CXX_FLAGS
CMAKE_CXX_FLAGS-ADVANCED:INTERNAL=1
//ADVANCED property for variable: CMAKE_CXX_FLAGS_DEBUG
CMAKE_CXX_FLAGS_DEBUG-ADVANCED:INTERNAL=1
//ADVANCED property for variable: CMAKE_CXX_FLAGS_MINSIZEREL
CMAKE_CXX_FLAGS_MINSIZEREL-ADVANCED:INTERNAL=1
//ADVANCED property for variable: CMAKE_CXX_FLAGS_RELEASE
CMAKE_CXX_FLAGS_RELEASE-ADVANCED:INTERNAL=1
//ADVANCED property for variable: CMAKE_CXX_FLAGS_RELWITHDEBINFO
CMAKE_CXX_FLAGS_RELWITHDEBINFO-ADVANCED:INTERNAL=1
//ADVANCED property for variable: CMAKE_C_COMPILER
CMAKE_C_COMPILER-ADVANCED:INTERNAL=1
//ADVANCED property for variable: CMAKE_C_COMPILER_AR
CMAKE_C_COMPILER_AR-ADVANCED:INTERNAL=1
//ADVANCED property for variable: CMAKE_C_COMPILER_RANLIB
CMAKE_C_COMPILER_RANLIB-ADVANCED:INTERNAL=1
//ADVANCED property for variable: CMAKE_C_FLAGS
CMAKE_C_FLAGS-ADVANCED:INTERNAL=1
//ADVANCED property for variable: CMAKE_C_FLAGS_DEBUG
CMAKE_C_FLAGS_DEBUG-ADVANCED:INTERNAL=1
//ADVANCED property for variable: CMAKE_C_FLAGS_MINSIZEREL
CMAKE_C_FLAGS_MINSIZEREL-ADVANCED:INTERNAL=1
//ADVANCED property for variable: CMAKE_C_FLAGS_RELEASE
CMAKE_C_FLAGS_RELEASE-ADVANCED:INTERNAL=1
//ADVANCED property for variable: CMAKE_C_FLAGS_RELWITHDEBINFO
CMAKE_C_FLAGS_RELWITHDEBINFO-ADVANCED:INTERNAL=1
//ADVANCED property for variable: CMAKE_DLLTOOL
CMAKE_DLLTOOL-ADVANCED:INTERNAL=1
//Path to cache edit program executable.
CMAKE_EDIT_COMMAND:INTERNAL=/home/runner/miniconda3/envs/test/bin/ccmake
//Executable file format
CMAKE_EXECUTABLE_FORMAT:INTERNAL=ELF
//ADVANCED property for variable: CMAKE_EXE_LINKER_FLAGS
CMAKE_EXE_LINKER_FLAGS-ADVANCED:INTERNAL=1
//ADVANCED property for variable: CMAKE_EXE_LINKER_FLAGS_DEBUG
CMAKE_EXE_LINKER_FLAGS_DEBUG-ADVANCED:INTERNAL=1
//ADVANCED property for variable: CMAKE_EXE_LINKER_FLAGS_MINSIZEREL
CMAKE_EXE_LINKER_FLAGS_MINSIZEREL-ADVANCED:INTERNAL=1
//ADVANCED property for variable: CMAKE_EXE_LINKER_FLAGS_RELEASE
CMAKE_EXE_LINKER_FLAGS_RELEASE-ADVANCED:INTERNAL=1
//ADVANCED property for variable: CMAKE_EXE_LINKER_FLAGS_RELWITHDEBINFO
CMAKE_EXE_LINKER_FLAGS_RELWITHDEBINFO-ADVANCED:INTERNAL=1
//ADVANCED property for variable: CMAKE_EXPORT_COMPILE_COMMANDS
CMAKE_EXPORT_COMPILE_COMMANDS-ADVANCED:INTERNAL=1
//Name of external makefile project generator.
CMAKE_EXTRA_GENERATOR:INTERNAL=
//Name of generator.
CMAKE_GENERATOR:INTERNAL=Ninja
//Generator instance identifier.
CMAKE_GENERATOR_INSTANCE:INTERNAL=
//Name of generator platform.
CMAKE_GENERATOR_PLATFORM:INTERNAL=
//Name of generator toolset.
CMAKE_GENERATOR_TOOLSET:INTERNAL=
//Source directory with the top level CMakeLists.txt file for this
// project
CMAKE_HOME_DIRECTORY:INTERNAL=/home/runner/work/python-plugins/python-plugins
//Install .so files without execute permission.
CMAKE_INSTALL_SO_NO_EXE:INTERNAL=1
//ADVANCED property for variable: CMAKE_LINKER
CMAKE_LINKER-ADVANCED:INTERNAL=1
//ADVANCED property for variable: CMAKE_MODULE_LINKER_FLAGS
CMAKE_MODULE_LINKER_FLAGS-ADVANCED:INTERNAL=1
//ADVANCED property for variable: CMAKE_MODULE_LINKER_FLAGS_DEBUG
CMAKE_MODULE_LINKER_FLAGS_DEBUG-ADVANCED:INTERNAL=1
//ADVANCED property for variable: CMAKE_MODULE_LINKER_FLAGS_MINSIZEREL
CMAKE_MODULE_LINKER_FLAGS_MINSIZEREL-ADVANCED:INTERNAL=1
//ADVANCED property for variable: CMAKE_MODULE_LINKER_FLAGS_RELEASE
CMAKE_MODULE_LINKER_FLAGS_RELEASE-ADVANCED:INTERNAL=1
//ADVANCED property for variable: CMAKE_MODULE_LINKER_FLAGS_RELWITHDEBINFO
CMAKE_MODULE_LINKER_FLAGS_RELWITHDEBINFO-ADVANCED:INTERNAL=1
//ADVANCED property for variable: CMAKE_NM
CMAKE_NM-ADVANCED:INTERNAL=1
//number of local generators
CMAKE_NUMBER_OF_MAKEFILES:INTERNAL=1
//ADVANCED property for variable: CMAKE_OBJCOPY
CMAKE_OBJCOPY-ADVANCED:INTERNAL=1
//ADVANCED property for variable: CMAKE_OBJDUMP
CMAKE_OBJDUMP-ADVANCED:INTERNAL=1
//Platform information initialized
CMAKE_PLATFORM_INFO_INITIALIZED:INTERNAL=1
//ADVANCED property for variable: CMAKE_RANLIB
CMAKE_RANLIB-ADVANCED:INTERNAL=1
//ADVANCED property for variable: CMAKE_READELF
CMAKE_READELF-ADVANCED:INTERNAL=1
//Path to CMake installation.
CMAKE_ROOT:INTERNAL=/home/runner/miniconda3/envs/test/share/cmake-3.30
//ADVANCED property for variable: CMAKE_SHARED_LINKER_FLAGS
CMAKE_SHARED_LINKER_FLAGS-ADVANCED:INTERNAL=1
//ADVANCED property for variable: CMAKE_SHARED_LINKER_FLAGS_DEBUG
CMAKE_SHARED_LINKER_FLAGS_DEBUG-ADVANCED:INTERNAL=1
//ADVANCED property for variable: CMAKE_SHARED_LINKER_FLAGS_MINSIZEREL
CMAKE_SHARED_LINKER_FLAGS_MINSIZEREL-ADVANCED:INTERNAL=1
//ADVANCED property for variable: CMAKE_SHARED_LINKER_FLAGS_RELEASE
CMAKE_SHARED_LINKER_FLAGS_RELEASE-ADVANCED:INTERNAL=1
//ADVANCED property for variable: CMAKE_SHARED_LINKER_FLAGS_RELWITHDEBINFO
CMAKE_SHARED_LINKER_FLAGS_RELWITHDEBINFO-ADVANCED:INTERNAL=1
//ADVANCED property for variable: CMAKE_SKIP_INSTALL_RPATH
CMAKE_SKIP_INSTALL_RPATH-ADVANCED:INTERNAL=1
//ADVANCED property for variable: CMAKE_SKIP_RPATH
CMAKE_SKIP_RPATH-ADVANCED:INTERNAL=1
//ADVANCED property for variable: CMAKE_STATIC_LINKER_FLAGS
CMAKE_STATIC_LINKER_FLAGS-ADVANCED:INTERNAL=1
//ADVANCED property for variable: CMAKE_STATIC_LINKER_FLAGS_DEBUG
CMAKE_STATIC_LINKER_FLAGS_DEBUG-ADVANCED:INTERNAL=1
//ADVANCED property for variable: CMAKE_STATIC_LINKER_FLAGS_MINSIZEREL
CMAKE_STATIC_LINKER_FLAGS_MINSIZEREL-ADVANCED:INTERNAL=1
//ADVANCED property for variable: CMAKE_STATIC_LINKER_FLAGS_RELEASE
CMAKE_STATIC_LINKER_FLAGS_RELEASE-ADVANCED:INTERNAL=1
//ADVANCED property for variable: CMAKE_STATIC_LINKER_FLAGS_RELWITHDEBINFO
CMAKE_STATIC_LINKER_FLAGS_RELWITHDEBINFO-ADVANCED:INTERNAL=1
//ADVANCED property for variable: CMAKE_STRIP
CMAKE_STRIP-ADVANCED:INTERNAL=1
//ADVANCED property for variable: CMAKE_TAPI
CMAKE_TAPI-ADVANCED:INTERNAL=1
//uname command
CMAKE_UNAME:INTERNAL=/usr/bin/uname
//ADVANCED property for variable: CMAKE_VERBOSE_MAKEFILE
CMAKE_VERBOSE_MAKEFILE-ADVANCED:INTERNAL=1
//Details about finding Python3
FIND_PACKAGE_MESSAGE_DETAILS_Python3:INTERNAL=[/tmp/build-env-nqkcpyjx/bin/python][/home/runner/miniconda3/envs/test/include/python3.12][/home/runner/miniconda3/envs/test/lib/libpython3.12.so][/tmp/build-env-nqkcpyjx/lib/python3.12/site-packages/numpy/_core/include][cfound components: Interpreter Development.Module Development.Embed NumPy ][v3.12.6()]
//linker supports push/pop state
_CMAKE_LINKER_PUSHPOP_STATE_SUPPORTED:INTERNAL=TRUE
//Compiler reason failure
_Python3_Compiler_REASON_FAILURE:INTERNAL=
_Python3_DEVELOPMENT_EMBED_SIGNATURE:INTERNAL=53f22809956f35286d8e575793210348
_Python3_DEVELOPMENT_MODULE_SIGNATURE:INTERNAL=951bd57d2db253acdd15b0bb7ea29d8f
//Development reason failure
_Python3_Development_REASON_FAILURE:INTERNAL=
_Python3_EXECUTABLE:INTERNAL=/tmp/build-env-nqkcpyjx/bin/python
_Python3_INCLUDE_DIR:INTERNAL=/home/runner/miniconda3/envs/test/include/python3.12
//Python3 Properties
_Python3_INTERPRETER_PROPERTIES:INTERNAL=Python;3;12;6;64;<none>;cpython-312-x86_64-linux-gnu;abi3;/home/runner/miniconda3/envs/test/lib/python3.12;/tmp/build-env-nqkcpyjx/lib/python3.12;/tmp/build-env-nqkcpyjx/lib/python3.12/site-packages;/tmp/build-env-nqkcpyjx/lib/python3.12/site-packages
_Python3_INTERPRETER_SIGNATURE:INTERNAL=101aa58d6d8b1f35dd41c7338342697c
//Path to a library.
_Python3_LIBRARY_RELEASE:INTERNAL=/home/runner/miniconda3/envs/test/lib/libpython3.12.so
_Python3_NUMPY_SIGNATURE:INTERNAL=e7c9738be78d06d43a8187aeca02d665
_Python3_NumPy_INCLUDE_DIR:INTERNAL=/tmp/build-env-nqkcpyjx/lib/python3.12/site-packages/numpy/_core/include

