<?xml version="1.0" encoding="utf-8"?>
<testsuites>
  <testsuite name="pytest" errors="0" failures="0" skipped="0" tests="2" time="2021.550" timestamp="2024-08-23T00:23:01.454354" hostname="spacetelescope-runner-2ls89-rrbf2">
    <testcase classname="romancal.regtest.test_mos_pipeline" name="test_level3_mos_pipeline" time="677.728">
    </testcase>
    <testcase classname="romancal.regtest.test_mos_pipeline" name="test_hlp_mosaic_pipeline" time="486.642">
    </testcase>
  </testsuite>
</testsuites>
